15:04:13  DEBUG    ConfigStore          - Initializing. Reading config from file: config\DefaultSpyglassConfigIShellPlugin.xml
15:04:13  DEBUG    ConfigStore          - Async-Store thread started.
15:04:13  DEBUG    Plugin               - The PacketConsumerThread of the plug-in named 'default8hh started successfully.
15:04:13  DEBUG    Plugin               - The PacketConsumerThread of the plug-in named 'GlobalInformation started successfully.
15:04:13  DEBUG    PluginManager        - All plug-ins loaded and connected
15:04:13  DEBUG    Plugin               - The PacketConsumerThread of the plug-in named 'default10 started successfully.
15:04:13  DEBUG    Plugin               - The PacketConsumerThread of the plug-in named 'default11 started successfully.
15:04:13  DEBUG    Plugin               - The PacketConsumerThread of the plug-in named 'NodePainter started successfully.
15:04:13  DEBUG    PacketProducerTask   - New producer task.
15:04:13  DEBUG    Spyglass             - Init done
15:04:13  DEBUG    RulerArea            - Ruler resized...
15:04:13  DEBUG    RulerArea            - Ruler moved...
15:04:13  DEBUG    RulerArea            - Ruler resized...
15:04:13  DEBUG    RulerArea            - Ruler moved...
15:04:13  DEBUG    RulerArea            - Ruler resized...
15:04:13  DEBUG    ToolbarHandler       - Created toolbar
15:04:13  DEBUG    Spyglass             - Starting packetProducer Task
15:04:13  INFO     PluginSpyGlass2iShell - Spyglass ready.
15:04:13  DEBUG    PacketProducerTask   - Producer task staring.
15:04:32  DEBUG    RulerArea            - Ruler resized...
15:04:32  DEBUG    RulerArea            - Ruler resized...
15:04:38  DEBUG    RulerArea            - Ruler resized...
15:04:38  DEBUG    RulerArea            - Ruler resized...
15:04:38  DEBUG    RulerArea            - Ruler resized...
15:04:38  DEBUG    RulerArea            - Ruler resized...
15:04:38  DEBUG    RulerArea            - Ruler resized...
15:04:38  DEBUG    RulerArea            - Ruler resized...
15:04:38  DEBUG    RulerArea            - Ruler resized...
15:04:38  DEBUG    RulerArea            - Ruler resized...
15:04:38  DEBUG    RulerArea            - Ruler resized...
15:04:38  DEBUG    RulerArea            - Ruler resized...
15:04:38  DEBUG    RulerArea            - Ruler resized...
15:04:39  DEBUG    RulerArea            - Ruler resized...
15:04:39  DEBUG    RulerArea            - Ruler resized...
15:04:39  DEBUG    RulerArea            - Ruler resized...
15:04:39  DEBUG    RulerArea            - Ruler resized...
15:04:39  DEBUG    RulerArea            - Ruler resized...
15:05:47  DEBUG    ZoomAction           - Starting zoom
15:05:47  DEBUG    ZoomAction           - Stopping zoom
15:05:47  DEBUG    ZoomAction           - Starting zoom
15:05:47  DEBUG    ZoomAction           - Stopping zoom
15:05:47  DEBUG    ZoomAction           - Starting zoom
15:05:48  DEBUG    ZoomAction           - Stopping zoom
15:05:49  DEBUG    ZoomAction           - Starting zoom
15:05:49  DEBUG    ZoomAction           - Stopping zoom
15:05:49  DEBUG    ZoomAction           - Starting zoom
15:05:49  DEBUG    ZoomAction           - Stopping zoom
15:05:49  DEBUG    ZoomAction           - Starting zoom
15:05:49  DEBUG    ZoomAction           - Stopping zoom
15:05:50  DEBUG    ZoomAction           - Starting zoom
15:05:50  DEBUG    ZoomAction           - Stopping zoom
15:05:50  DEBUG    ZoomAction           - Starting zoom
15:05:50  DEBUG    ZoomAction           - Stopping zoom
15:06:13  DEBUG    PacketProducerTask   - Set Paused to true
15:06:13  DEBUG    PlayPlayPauseAction  - packet reader is paused.
15:06:32  DEBUG    ZoomAction           - Starting zoom
15:06:32  DEBUG    ZoomAction           - Stopping zoom
15:06:32  DEBUG    ZoomAction           - Starting zoom
15:06:32  DEBUG    ZoomAction           - Stopping zoom
15:06:32  DEBUG    ZoomAction           - Starting zoom
15:06:32  DEBUG    ZoomAction           - Stopping zoom
15:06:33  DEBUG    ZoomAction           - Starting zoom
15:06:34  DEBUG    ZoomAction           - Stopping zoom
15:06:34  DEBUG    ZoomAction           - Starting zoom
15:06:34  DEBUG    ZoomAction           - Stopping zoom
15:06:34  DEBUG    ZoomAction           - Starting zoom
15:06:34  DEBUG    ZoomAction           - Stopping zoom
15:06:35  DEBUG    ZoomAction           - Starting zoom
15:06:35  DEBUG    ZoomAction           - Stopping zoom
15:06:37  DEBUG    PluginSpyGlass2iShell - Terminating spyglass...
15:06:37  DEBUG    PluginSpyGlass2iShell - GUI already gone...
15:06:37  DEBUG    UIController         - UIController shut down.
15:06:37  DEBUG    ConfigStore          - Woke up, waiting another second.
15:06:37  DEBUG    PacketProducerTask   - PacketReader has been interrupted, shutting down.
15:06:37  DEBUG    Plugin               - The PacketConsumerThread of the plug-in named 'default8hh stopped.
15:06:37  DEBUG    PacketProducerTask   - PacketProducerTask ended. Done.
15:06:37  DEBUG    Plugin               - The PacketConsumerThread of the plug-in named 'GlobalInformation stopped.
15:06:37  DEBUG    Plugin               - The PacketConsumerThread of the plug-in named 'default10 stopped.
15:06:37  DEBUG    Plugin               - The PacketConsumerThread of the plug-in named 'NodePainter stopped.
15:06:37  DEBUG    Plugin               - The PacketConsumerThread of the plug-in named 'default11 stopped.
15:06:37  DEBUG    Spyglass             - All plugin-threads stopped
15:06:37  INFO     PluginSpyGlass2iShell - SpyGlass end. Done.
