13:25:41  DEBUG    ConfigStore          - Initializing. Reading config from file: config\DefaultSpyglassConfigIShellPlugin.xml
13:25:41  DEBUG    ConfigStore          - Async-Store thread started.
13:25:41  DEBUG    Plugin               - The PacketConsumerThread of the plug-in named 'default8hh started successfully.
13:25:42  DEBUG    Plugin               - The PacketConsumerThread of the plug-in named 'GlobalInformation started successfully.
13:25:42  DEBUG    Plugin               - The PacketConsumerThread of the plug-in named 'default10 started successfully.
13:25:42  DEBUG    PluginManager        - All plug-ins loaded and connected
13:25:42  DEBUG    Plugin               - The PacketConsumerThread of the plug-in named 'NodePainter started successfully.
13:25:42  DEBUG    Plugin               - The PacketConsumerThread of the plug-in named 'default11 started successfully.
13:25:42  DEBUG    PacketProducerTask   - New producer task.
13:25:42  DEBUG    Spyglass             - Init done
13:25:42  DEBUG    RulerArea            - Ruler resized...
13:25:42  DEBUG    RulerArea            - Ruler moved...
13:25:42  DEBUG    RulerArea            - Ruler resized...
13:25:42  DEBUG    RulerArea            - Ruler moved...
13:25:42  DEBUG    RulerArea            - Ruler resized...
13:25:42  DEBUG    ToolbarHandler       - Created toolbar
13:25:42  DEBUG    Spyglass             - Starting packetProducer Task
13:25:42  INFO     PluginSpyGlass2iShell - Spyglass ready.
13:25:42  DEBUG    PacketProducerTask   - Producer task staring.
13:26:04  DEBUG    RulerArea            - Ruler resized...
13:26:04  DEBUG    RulerArea            - Ruler resized...
13:27:38  DEBUG    PluginSpyGlass2iShell - Terminating spyglass...
13:27:38  DEBUG    PluginSpyGlass2iShell - GUI already gone...
13:27:38  DEBUG    UIController         - UIController shut down.
13:27:38  DEBUG    PacketProducerTask   - PacketReader has been interrupted, shutting down.
13:27:38  DEBUG    ConfigStore          - Woke up, waiting another second.
13:27:38  DEBUG    PacketProducerTask   - PacketProducerTask ended. Done.
13:27:38  DEBUG    Plugin               - The PacketConsumerThread of the plug-in named 'default8hh stopped.
13:27:38  DEBUG    Plugin               - The PacketConsumerThread of the plug-in named 'GlobalInformation stopped.
13:27:38  DEBUG    Plugin               - The PacketConsumerThread of the plug-in named 'default10 stopped.
13:27:38  DEBUG    Plugin               - The PacketConsumerThread of the plug-in named 'NodePainter stopped.
13:27:38  DEBUG    Plugin               - The PacketConsumerThread of the plug-in named 'default11 stopped.
13:27:38  DEBUG    Spyglass             - All plugin-threads stopped
13:27:38  INFO     PluginSpyGlass2iShell - SpyGlass end. Done.
