12:50:55  DEBUG    ConfigStore          - Initializing. Reading config from file: config\DefaultSpyglassConfigIShellPlugin.xml
12:50:56  DEBUG    ConfigStore          - Async-Store thread started.
12:50:56  DEBUG    Plugin               - The PacketConsumerThread of the plug-in named 'default8hh started successfully.
12:50:56  DEBUG    Plugin               - The PacketConsumerThread of the plug-in named 'GlobalInformation started successfully.
12:50:56  DEBUG    Plugin               - The PacketConsumerThread of the plug-in named 'default10 started successfully.
12:50:56  DEBUG    PluginManager        - All plug-ins loaded and connected
12:50:56  DEBUG    Plugin               - The PacketConsumerThread of the plug-in named 'default11 started successfully.
12:50:56  DEBUG    Plugin               - The PacketConsumerThread of the plug-in named 'NodePainter started successfully.
12:50:56  DEBUG    PacketProducerTask   - New producer task.
12:50:56  DEBUG    Spyglass             - Init done
12:50:56  DEBUG    RulerArea            - Ruler resized...
12:50:56  DEBUG    RulerArea            - Ruler moved...
12:50:56  DEBUG    RulerArea            - Ruler resized...
12:50:56  DEBUG    RulerArea            - Ruler moved...
12:50:56  DEBUG    RulerArea            - Ruler resized...
12:50:56  DEBUG    ToolbarHandler       - Created toolbar
12:50:56  DEBUG    Spyglass             - Starting packetProducer Task
12:50:56  INFO     PluginSpyGlass2iShell - Spyglass ready.
12:50:56  DEBUG    PacketProducerTask   - Producer task staring.
12:50:59  DEBUG    RulerArea            - Ruler resized...
12:50:59  DEBUG    RulerArea            - Ruler resized...
12:51:37  DEBUG    PluginSpyGlass2iShell - Terminating spyglass...
12:51:37  DEBUG    UIController         - UIController shut down.
12:51:37  DEBUG    PacketProducerTask   - PacketReader has been interrupted, shutting down.
12:51:37  DEBUG    ConfigStore          - Woke up, waiting another second.
12:51:37  DEBUG    PacketProducerTask   - PacketProducerTask ended. Done.
12:51:37  DEBUG    Plugin               - The PacketConsumerThread of the plug-in named 'default8hh stopped.
12:51:37  DEBUG    Plugin               - The PacketConsumerThread of the plug-in named 'GlobalInformation stopped.
12:51:37  DEBUG    Plugin               - The PacketConsumerThread of the plug-in named 'default10 stopped.
12:51:37  DEBUG    Plugin               - The PacketConsumerThread of the plug-in named 'NodePainter stopped.
12:51:37  DEBUG    Plugin               - The PacketConsumerThread of the plug-in named 'default11 stopped.
12:51:37  DEBUG    Spyglass             - All plugin-threads stopped
12:51:37  INFO     PluginSpyGlass2iShell - SpyGlass end. Done.
12:53:05  DEBUG    ConfigStore          - Initializing. Reading config from file: config\DefaultSpyglassConfigIShellPlugin.xml
12:53:05  DEBUG    Plugin               - The PacketConsumerThread of the plug-in named 'default8hh started successfully.
12:53:05  DEBUG    ConfigStore          - Async-Store thread started.
12:53:05  DEBUG    Plugin               - The PacketConsumerThread of the plug-in named 'GlobalInformation started successfully.
12:53:05  DEBUG    Plugin               - The PacketConsumerThread of the plug-in named 'default10 started successfully.
12:53:05  DEBUG    Plugin               - The PacketConsumerThread of the plug-in named 'NodePainter started successfully.
12:53:05  DEBUG    Plugin               - The PacketConsumerThread of the plug-in named 'default11 started successfully.
12:53:05  DEBUG    PluginManager        - All plug-ins loaded and connected
12:53:05  DEBUG    PacketProducerTask   - New producer task.
12:53:05  DEBUG    Spyglass             - Init done
12:53:05  DEBUG    RulerArea            - Ruler resized...
12:53:05  DEBUG    RulerArea            - Ruler moved...
12:53:05  DEBUG    RulerArea            - Ruler resized...
12:53:05  DEBUG    RulerArea            - Ruler moved...
12:53:05  DEBUG    RulerArea            - Ruler resized...
12:53:05  DEBUG    ToolbarHandler       - Created toolbar
12:53:05  DEBUG    Spyglass             - Starting packetProducer Task
12:53:05  INFO     PluginSpyGlass2iShell - Spyglass ready.
12:53:05  DEBUG    PacketProducerTask   - Producer task staring.
12:53:05  DEBUG    PluginSpyGlass2iShell - Terminating spyglass...
12:53:05  DEBUG    UIController         - UIController shut down.
12:53:05  DEBUG    ConfigStore          - Woke up, waiting another second.
12:53:05  DEBUG    PacketProducerTask   - PacketReader has been interrupted, shutting down.
12:53:05  DEBUG    Plugin               - The PacketConsumerThread of the plug-in named 'default8hh stopped.
12:53:05  DEBUG    PacketProducerTask   - PacketProducerTask ended. Done.
12:53:05  DEBUG    Plugin               - The PacketConsumerThread of the plug-in named 'GlobalInformation stopped.
12:53:05  DEBUG    Plugin               - The PacketConsumerThread of the plug-in named 'default10 stopped.
12:53:05  DEBUG    Plugin               - The PacketConsumerThread of the plug-in named 'NodePainter stopped.
12:53:05  DEBUG    Plugin               - The PacketConsumerThread of the plug-in named 'default11 stopped.
12:53:05  DEBUG    Spyglass             - All plugin-threads stopped
12:53:05  INFO     PluginSpyGlass2iShell - SpyGlass end. Done.
12:53:07  DEBUG    PacketGeneratorIShellPlugin - Reading config from file: config\packetGeneratorConfig4iShell.xml
12:53:07  INFO     PacketGenerator      - Initalizing PacketGenerator.
12:53:07  INFO     IShellSocketSink     - Server listening at port 8472
12:53:07  DEBUG    IShellSocketSink     - New client
12:53:08  INFO     PacketGenerator      - Shutting down the packet generator.
12:53:08  INFO     PacketGeneratorIShellPlugin - Stopped the packet generator.
12:53:08  INFO     IShellSocketSink     - SockenListener Thread terminated.
12:53:08  INFO     PacketGenerator      - PacketGenerator shutted down.
